<?xml version="1.0" encoding="UTF-8" ?>
<testsuite tests="4" failures="0" name="br.unibh.loja.entidades.Teste" time="0.016" errors="0" skipped="0">
  <properties>
[...]
</properties>
  <testcase classname="br.unibh.loja.entidades.Teste" name="testCreateObject" time="0.007"/>
  <testcase classname="br.unibh.loja.entidades.Teste" name="testGenerateHash" time="0"/>
  <testcase classname="br.unibh.loja.entidades.Teste" name="testPrintObject" time="0.009"/>
  <testcase classname="br.unibh.loja.entidades.Teste" name="testCompareOnject" time="0"/>
</testsuite>